# JRE version: Java(TM) SE Runtime Environment (8.0_172-b11) (build 1.8.0_172-b11)
# Java VM: Java HotSpot(TM) 64-Bit Server VM (25.172-b11 mixed mode windows-amd64 compressed oops)
Heap:
 PSYoungGen      total 70656K, used 16056K [0x00000000d6000000, 0x00000000dea00000, 0x0000000100000000)
  eden space 65536K, 24% used [0x00000000d6000000,0x00000000d6fae390,0x00000000da000000)
  from space 5120K, 0% used [0x00000000da000000,0x00000000da000000,0x00000000da500000)
  to   space 5120K, 0% used [0x00000000de500000,0x00000000de500000,0x00000000dea00000)
 ParOldGen       total 221184K, used 96860K [0x0000000082000000, 0x000000008f800000, 0x00000000d6000000)
  object space 221184K, 43% used [0x0000000082000000,0x0000000087e973c8,0x000000008f800000)
 Metaspace       used 10585K, capacity 10793K, committed 11008K, reserved 1058816K
  class space    used 890K, capacity 969K, committed 1024K, reserved 1048576K
GC Heap History (8 events):
Event: 2.031 GC heap before
{Heap before GC invocations=1 (full 0):
 PSYoungGen      total 37888K, used 32768K [0x00000000d6000000, 0x00000000d8a00000, 0x0000000100000000)
  eden space 32768K, 100% used [0x00000000d6000000,0x00000000d8000000,0x00000000d8000000)
  from space 5120K, 0% used [0x00000000d8500000,0x00000000d8500000,0x00000000d8a00000)
  to   space 5120K, 0% used [0x00000000d8000000,0x00000000d8000000,0x00000000d8500000)
 ParOldGen       total 86016K, used 0K [0x0000000082000000, 0x0000000087400000, 0x00000000d6000000)
  object space 86016K, 0% used [0x0000000082000000,0x0000000082000000,0x0000000087400000)
 Metaspace       used 9042K, capacity 9253K, committed 9344K, reserved 1058816K
  class space    used 753K, capacity 839K, committed 896K, reserved 1048576K
Event: 2.060 GC heap after
Heap after GC invocations=1 (full 0):
 PSYoungGen      total 37888K, used 4818K [0x00000000d6000000, 0x00000000daa00000, 0x0000000100000000)
  eden space 32768K, 0% used [0x00000000d6000000,0x00000000d6000000,0x00000000d8000000)
  from space 5120K, 94% used [0x00000000d8000000,0x00000000d84b4a60,0x00000000d8500000)
  to   space 5120K, 0% used [0x00000000da500000,0x00000000da500000,0x00000000daa00000)
 ParOldGen       total 86016K, used 16K [0x0000000082000000, 0x0000000087400000, 0x00000000d6000000)
  object space 86016K, 0% used [0x0000000082000000,0x0000000082004000,0x0000000087400000)
 Metaspace       used 9042K, capacity 9253K, committed 9344K, reserved 1058816K
  class space    used 753K, capacity 839K, committed 896K, reserved 1048576K
}
Event: 2.227 GC heap before
{Heap before GC invocations=2 (full 0):
 PSYoungGen      total 37888K, used 37586K [0x00000000d6000000, 0x00000000daa00000, 0x0000000100000000)
  eden space 32768K, 100% used [0x00000000d6000000,0x00000000d8000000,0x00000000d8000000)
  from space 5120K, 94% used [0x00000000d8000000,0x00000000d84b4a60,0x00000000d8500000)
  to   space 5120K, 0% used [0x00000000da500000,0x00000000da500000,0x00000000daa00000)
 ParOldGen       total 86016K, used 16K [0x0000000082000000, 0x0000000087400000, 0x00000000d6000000)
  object space 86016K, 0% used [0x0000000082000000,0x0000000082004000,0x0000000087400000)
 Metaspace       used 10331K, capacity 10537K, committed 10752K, reserved 1058816K
  class space    used 885K, capacity 969K, committed 1024K, reserved 1048576K
Event: 2.249 GC heap after
Heap after GC invocations=2 (full 0):
 PSYoungGen      total 70656K, used 5104K [0x00000000d6000000, 0x00000000daa00000, 0x0000000100000000)
  eden space 65536K, 0% used [0x00000000d6000000,0x00000000d6000000,0x00000000da000000)
  from space 5120K, 99% used [0x00000000da500000,0x00000000da9fc1c8,0x00000000daa00000)
  to   space 5120K, 0% used [0x00000000da000000,0x00000000da000000,0x00000000da500000)
 ParOldGen       total 86016K, used 29388K [0x0000000082000000, 0x0000000087400000, 0x00000000d6000000)
  object space 86016K, 34% used [0x0000000082000000,0x0000000083cb3080,0x0000000087400000)
 Metaspace       used 10331K, capacity 10537K, committed 10752K, reserved 1058816K
  class space    used 885K, capacity 969K, committed 1024K, reserved 1048576K
}
Event: 2.293 GC heap before
{Heap before GC invocations=3 (full 0):
 PSYoungGen      total 70656K, used 70640K [0x00000000d6000000, 0x00000000daa00000, 0x0000000100000000)
  eden space 65536K, 100% used [0x00000000d6000000,0x00000000da000000,0x00000000da000000)
  from space 5120K, 99% used [0x00000000da500000,0x00000000da9fc1c8,0x00000000daa00000)
  to   space 5120K, 0% used [0x00000000da000000,0x00000000da000000,0x00000000da500000)
 ParOldGen       total 86016K, used 29388K [0x0000000082000000, 0x0000000087400000, 0x00000000d6000000)
  object space 86016K, 34% used [0x0000000082000000,0x0000000083cb3080,0x0000000087400000)
 Metaspace       used 10331K, capacity 10537K, committed 10752K, reserved 1058816K
  class space    used 885K, capacity 969K, committed 1024K, reserved 1048576K
Event: 2.344 GC heap after
Heap after GC invocations=3 (full 0):
 PSYoungGen      total 70656K, used 5090K [0x00000000d6000000, 0x00000000dea00000, 0x0000000100000000)
  eden space 65536K, 0% used [0x00000000d6000000,0x00000000d6000000,0x00000000da000000)
  from space 5120K, 99% used [0x00000000da000000,0x00000000da4f88b8,0x00000000da500000)
  to   space 5120K, 0% used [0x00000000de500000,0x00000000de500000,0x00000000dea00000)
 ParOldGen       total 103936K, used 102484K [0x0000000082000000, 0x0000000088580000, 0x00000000d6000000)
  object space 103936K, 98% used [0x0000000082000000,0x0000000088415080,0x0000000088580000)
 Metaspace       used 10331K, capacity 10537K, committed 10752K, reserved 1058816K
  class space    used 885K, capacity 969K, committed 1024K, reserved 1048576K
}
Event: 2.344 GC heap before
{Heap before GC invocations=4 (full 1):
 PSYoungGen      total 70656K, used 5090K [0x00000000d6000000, 0x00000000dea00000, 0x0000000100000000)
  eden space 65536K, 0% used [0x00000000d6000000,0x00000000d6000000,0x00000000da000000)
  from space 5120K, 99% used [0x00000000da000000,0x00000000da4f88b8,0x00000000da500000)
  to   space 5120K, 0% used [0x00000000de500000,0x00000000de500000,0x00000000dea00000)
 ParOldGen       total 103936K, used 102484K [0x0000000082000000, 0x0000000088580000, 0x00000000d6000000)
  object space 103936K, 98% used [0x0000000082000000,0x0000000088415080,0x0000000088580000)
 Metaspace       used 10331K, capacity 10537K, committed 10752K, reserved 1058816K
  class space    used 885K, capacity 969K, committed 1024K, reserved 1048576K
Event: 2.413 GC heap after
Heap after GC invocations=4 (full 1):
 PSYoungGen      total 70656K, used 0K [0x00000000d6000000, 0x00000000dea00000, 0x0000000100000000)
  eden space 65536K, 0% used [0x00000000d6000000,0x00000000d6000000,0x00000000da000000)
  from space 5120K, 0% used [0x00000000da000000,0x00000000da000000,0x00000000da500000)
  to   space 5120K, 0% used [0x00000000de500000,0x00000000de500000,0x00000000dea00000)
 ParOldGen       total 221184K, used 96860K [0x0000000082000000, 0x000000008f800000, 0x00000000d6000000)
  object space 221184K, 43% used [0x0000000082000000,0x0000000087e973c8,0x000000008f800000)
 Metaspace       used 10331K, capacity 10537K, committed 10752K, reserved 1058816K
  class space    used 885K, capacity 969K, committed 1024K, reserved 1048576K
}

